Determining if the pthread_create exist failed with the following output:
Change Dir: /home/eurolink/doberBot/ai_doberBot/build/CMakeFiles/CMakeTmp

Run Build Command:"/usr/bin/make" "cmTC_d1de2/fast"
/usr/bin/make -f CMakeFiles/cmTC_d1de2.dir/build.make CMakeFiles/cmTC_d1de2.dir/build
make[1]: Entering directory '/home/eurolink/doberBot/ai_doberBot/build/CMakeFiles/CMakeTmp'
Building C object CMakeFiles/cmTC_d1de2.dir/CheckSymbolExists.c.o
/usr/bin/cc   -fPIC    -o CMakeFiles/cmTC_d1de2.dir/CheckSymbolExists.c.o   -c /home/eurolink/doberBot/ai_doberBot/build/CMakeFiles/CMakeTmp/CheckSymbolExists.c
Linking C executable cmTC_d1de2
/usr/bin/cmake -E cmake_link_script CMakeFiles/cmTC_d1de2.dir/link.txt --verbose=1
/usr/bin/cc -fPIC    -Wl,-rpath -Wl,$ORIGIN  CMakeFiles/cmTC_d1de2.dir/CheckSymbolExists.c.o  -o cmTC_d1de2 
CMakeFiles/cmTC_d1de2.dir/CheckSymbolExists.c.o: In function `main':
CheckSymbolExists.c:(.text+0x14): undefined reference to `pthread_create'
CheckSymbolExists.c:(.text+0x18): undefined reference to `pthread_create'
collect2: error: ld returned 1 exit status
CMakeFiles/cmTC_d1de2.dir/build.make:97: recipe for target 'cmTC_d1de2' failed
make[1]: *** [cmTC_d1de2] Error 1
make[1]: Leaving directory '/home/eurolink/doberBot/ai_doberBot/build/CMakeFiles/CMakeTmp'
Makefile:126: recipe for target 'cmTC_d1de2/fast' failed
make: *** [cmTC_d1de2/fast] Error 2

File /home/eurolink/doberBot/ai_doberBot/build/CMakeFiles/CMakeTmp/CheckSymbolExists.c:
/* */
#include <pthread.h>

int main(int argc, char** argv)
{
  (void)argv;
#ifndef pthread_create
  return ((int*)(&pthread_create))[argc];
#else
  (void)argc;
  return 0;
#endif
}

Determining if the function pthread_create exists in the pthreads failed with the following output:
Change Dir: /home/eurolink/doberBot/ai_doberBot/build/CMakeFiles/CMakeTmp

Run Build Command:"/usr/bin/make" "cmTC_17ebe/fast"
/usr/bin/make -f CMakeFiles/cmTC_17ebe.dir/build.make CMakeFiles/cmTC_17ebe.dir/build
make[1]: Entering directory '/home/eurolink/doberBot/ai_doberBot/build/CMakeFiles/CMakeTmp'
Building C object CMakeFiles/cmTC_17ebe.dir/CheckFunctionExists.c.o
/usr/bin/cc   -fPIC -DCHECK_FUNCTION_EXISTS=pthread_create   -o CMakeFiles/cmTC_17ebe.dir/CheckFunctionExists.c.o   -c /usr/share/cmake-3.10/Modules/CheckFunctionExists.c
Linking C executable cmTC_17ebe
/usr/bin/cmake -E cmake_link_script CMakeFiles/cmTC_17ebe.dir/link.txt --verbose=1
/usr/bin/cc -fPIC -DCHECK_FUNCTION_EXISTS=pthread_create   -Wl,-rpath -Wl,$ORIGIN  CMakeFiles/cmTC_17ebe.dir/CheckFunctionExists.c.o  -o cmTC_17ebe -lpthreads 
/usr/bin/ld: cannot find -lpthreads
collect2: error: ld returned 1 exit status
CMakeFiles/cmTC_17ebe.dir/build.make:97: recipe for target 'cmTC_17ebe' failed
make[1]: *** [cmTC_17ebe] Error 1
make[1]: Leaving directory '/home/eurolink/doberBot/ai_doberBot/build/CMakeFiles/CMakeTmp'
Makefile:126: recipe for target 'cmTC_17ebe/fast' failed
make: *** [cmTC_17ebe/fast] Error 2


